Thu Jul 24 2014 14:52:34 GMT-0700 (PDT):
{ [Error: Unable to locate site named 845230100638-scb3rvmduv97ql295u7mjs40naatobgh.apps.googleusercontent.com]
  stack: [Getter/Setter],
  __frame: 
   { name: 'lookupSiteNameAndWebSpace__19',
     line: 841,
     file: '/usr/local/lib/node_modules/azure-cli/lib/commands/asm/websites/websitesclient._js',
     prev: 
      { name: 'siteAppsettings_addCommand__2',
        line: 60,
        file: '/usr/local/lib/node_modules/azure-cli/lib/commands/asm/site.appsetting._js',
        prev: undefined,
        active: false,
        offset: 13,
        col: 4 },
     active: false,
     offset: 12,
     col: 4 },
  rawStack: [Getter] }
Error: Unable to locate site named 845230100638-scb3rvmduv97ql295u7mjs40naatobgh.apps.googleusercontent.com
    at ___ (/usr/local/lib/node_modules/azure-cli/lib/commands/asm/websites/websitesclient._js:837:20)
    at ___ (/usr/local/lib/node_modules/azure-cli/node_modules/streamline/lib/callbacks/runtime.js:85:13)
    at ___ (/usr/local/lib/node_modules/azure-cli/lib/commands/asm/websites/websitesclient._js:473:131)
    at __tryCatch (/usr/local/lib/node_modules/azure-cli/node_modules/streamline/lib/callbacks/runtime.js:141:4)
    at ___ (/usr/local/lib/node_modules/azure-cli/lib/commands/asm/websites/websitesclient._js:473:67)
    at getSites__7 (/usr/local/lib/node_modules/azure-cli/lib/commands/asm/websites/websitesclient._js:473:33)
    at lookupSiteNameAndWebSpace__19 (/usr/local/lib/node_modules/azure-cli/lib/commands/asm/websites/websitesclient._js:853:4)
    at siteAppsettings_addCommand__2 (/usr/local/lib/node_modules/azure-cli/lib/commands/asm/site.appsetting._js:73:4)

